<?xml version="1.0" encoding="UTF-8"?>
<!-- Generated by org.testng.reporters.JUnitReportReporter -->
<testsuite skipped="0" hostname="LAPTOP-029NRPGB" name="parallel.ParallelRun" tests="7" failures="0" timestamp="02 Mar 2021 16:01:05 GMT" time="176.211" errors="0">
  <testcase name="runScenario" time="22.108" classname="parallel.ParallelRun"/>
  <testcase name="runScenario" time="26.905" classname="parallel.ParallelRun"/>
  <testcase name="runScenario" time="27.161" classname="parallel.ParallelRun"/>
  <testcase name="runScenario" time="27.362" classname="parallel.ParallelRun"/>
  <testcase name="runScenario" time="27.048" classname="parallel.ParallelRun"/>
  <testcase name="runScenario" time="23.101" classname="parallel.ParallelRun"/>
  <testcase name="runScenario" time="22.526" classname="parallel.ParallelRun"/>
</testsuite> <!-- parallel.ParallelRun -->
